2018-12-14T03:22:19.770Z - normal: Load ~/.CocosCreator/settings.json
2018-12-14T03:22:19.774Z - normal: checking language setting...
2018-12-14T03:22:19.774Z - normal: Language: zh
2018-12-14T03:22:20.570Z - success: protocol editor-framework registered
2018-12-14T03:22:20.570Z - success: protocol app registered
2018-12-14T03:22:20.570Z - success: protocol theme registered
2018-12-14T03:22:20.571Z - success: protocol packages registered
2018-12-14T03:22:20.571Z - success: protocol unpack registerred
2018-12-14T03:22:20.571Z - success: protocol disable-commonjs registerred
2018-12-14T03:22:20.826Z - normal: connected!
2018-12-14T03:22:20.830Z - normal: Check project /Users/gyy/Documents/GitHub/flgup
2018-12-14T03:22:20.898Z - normal: Initializing project /Users/gyy/Documents/GitHub/flgup
2018-12-14T03:22:20.902Z - normal: Initializing Cocos2d
2018-12-14T03:22:21.805Z - normal: Initializing Asset Database
2018-12-14T03:22:21.857Z - success: protocol uuid registerred
2018-12-14T03:22:21.857Z - success: protocol db registerred
2018-12-14T03:22:21.858Z - success: protocol thumbnail registerred
2018-12-14T03:22:21.858Z - normal: Loading editor/builtin packages
2018-12-14T03:22:22.057Z - success: assets loaded
2018-12-14T03:22:22.061Z - success: builder loaded
2018-12-14T03:22:22.063Z - success: cocos-analytics loaded
2018-12-14T03:22:22.068Z - success: console loaded
2018-12-14T03:22:22.105Z - success: fb-instant-games loaded
2018-12-14T03:22:22.139Z - success: google-instant-games loaded
2018-12-14T03:22:22.146Z - success: hierarchy loaded
2018-12-14T03:22:22.151Z - success: inspector loaded
2018-12-14T03:22:22.152Z - success: keystore loaded
2018-12-14T03:22:22.159Z - success: node-library loaded
2018-12-14T03:22:22.161Z - success: package-asset loaded
2018-12-14T03:22:22.163Z - success: preferences loaded
2018-12-14T03:22:22.166Z - success: project-exporter loaded
2018-12-14T03:22:22.183Z - success: project-importer loaded
2018-12-14T03:22:22.187Z - success: project-settings loaded
2018-12-14T03:22:22.192Z - success: ui-kit loaded
2018-12-14T03:22:22.197Z - success: scene loaded
2018-12-14T03:22:22.199Z - success: sprite-editor loaded
2018-12-14T03:22:22.204Z - success: store loaded
2018-12-14T03:22:22.210Z - success: timeline loaded
2018-12-14T03:22:22.210Z - normal: Loading builtin packages
2018-12-14T03:22:22.227Z - success: asset-db-debugger loaded
2018-12-14T03:22:22.228Z - success: color-picker loaded
2018-12-14T03:22:22.327Z - success: google-play-instant loaded
2018-12-14T03:22:22.329Z - success: jsb-adapter loaded
2018-12-14T03:22:22.334Z - success: oppo-runtime loaded
2018-12-14T03:22:22.340Z - success: package-manager loaded
2018-12-14T03:22:22.565Z - success: qqplay-adapter loaded
2018-12-14T03:22:22.571Z - success: sdkbox loaded
2018-12-14T03:22:22.576Z - success: tester loaded
2018-12-14T03:22:22.614Z - success: ui-grid loaded
2018-12-14T03:22:22.618Z - success: ui-kit-preview-extra loaded
2018-12-14T03:22:22.622Z - success: ui-kit-preview loaded
2018-12-14T03:22:22.626Z - success: ui-tree loaded
2018-12-14T03:22:22.630Z - success: vivo-runtime loaded
2018-12-14T03:22:22.632Z - success: weapp-adapter loaded
2018-12-14T03:22:25.091Z - normal: Loading packages
2018-12-14T03:22:25.097Z - normal: Watching packages
2018-12-14T03:22:25.331Z - normal: Run Application
2018-12-14T03:22:26.851Z - success: preview server running at http://localhost:7456
2018-12-14T03:40:35.675Z - warn: Download Font [ 经典行书简_LABEL ] failed, using Arial or system default font instead
